<?xml version="1.0" encoding="UTF-8"?>
<!-- Generated by org.testng.reporters.JUnitXMLReporter -->
<testsuite ignored="0" hostname="Andrii" failures="0" tests="16" name="Surefire test" time="12.11" errors="0" timestamp="07 Aug 2019 13:49:28 GMT">
  <testcase classname="tests.ProjectRelatedTests.APIkeyTest" name="@BeforeTest CreateNewAPIKey" time="12.009">
    <failure type="org.openqa.selenium.NoSuchElementException" message="no such element: Unable to locate element: {&amp;quot;method&amp;quot;:&amp;quot;xpath&amp;quot;,&amp;quot;selector&amp;quot;:&amp;quot;//*[@id=&amp;quot;app&amp;quot;]/div/div[2]/div[2]/div/div[2]/input&amp;quot;}
  (Session info: chrome=75.0.3770.142)
  (Driver info: chromedriver=2.41.578700 (2f1ed5f9343c13f73144538f15c00b370eda6706),platform=Linux 4.15.0-55-generic x86_64) (WARNING: The server did not provide any stacktrace information)
Command duration or timeout: 0 milliseconds
For documentation on this error, please visit: https://www.seleniumhq.org/exceptions/no_such_element.html
Build info: version: &amp;apos;3.141.59&amp;apos;, revision: &amp;apos;e82be7d358&amp;apos;, time: &amp;apos;2018-11-14T08:17:03&amp;apos;
System info: host: &amp;apos;Andrii&amp;apos;, ip: &amp;apos;127.0.1.1&amp;apos;, os.name: &amp;apos;Linux&amp;apos;, os.arch: &amp;apos;amd64&amp;apos;, os.version: &amp;apos;4.15.0-55-generic&amp;apos;, java.version: &amp;apos;11.0.4&amp;apos;
Driver info: org.openqa.selenium.chrome.ChromeDriver
Capabilities {acceptInsecureCerts: false, acceptSslCerts: false, applicationCacheEnabled: false, browserConnectionEnabled: false, browserName: chrome, chrome: {chromedriverVersion: 2.41.578700 (2f1ed5f9343c13..., userDataDir: /tmp/.org.chromium.Chromium...}, cssSelectorsEnabled: true, databaseEnabled: false, goog:chromeOptions: {debuggerAddress: localhost:39455}, handlesAlerts: true, hasTouchScreen: false, javascriptEnabled: true, locationContextEnabled: true, mobileEmulationEnabled: false, nativeEvents: true, networkConnectionEnabled: false, pageLoadStrategy: normal, platform: LINUX, platformName: LINUX, rotatable: false, setWindowRect: true, takesHeapSnapshot: true, takesScreenshot: true, unexpectedAlertBehaviour: , unhandledPromptBehavior: , version: 75.0.3770.142, webStorageEnabled: true}
Session ID: 147d4b08ade346c68fc45dfe3d260e22
*** Element info: {Using=xpath, value=//*[@id=&amp;quot;app&amp;quot;]/div/div[2]/div[2]/div/div[2]/input}">
      <![CDATA[org.openqa.selenium.NoSuchElementException: no such element: Unable to locate element: {"method":"xpath","selector":"//*[@id="app"]/div/div[2]/div[2]/div/div[2]/input"}
  (Session info: chrome=75.0.3770.142)
  (Driver info: chromedriver=2.41.578700 (2f1ed5f9343c13f73144538f15c00b370eda6706),platform=Linux 4.15.0-55-generic x86_64) (WARNING: The server did not provide any stacktrace information)
Command duration or timeout: 0 milliseconds
For documentation on this error, please visit: https://www.seleniumhq.org/exceptions/no_such_element.html
Build info: version: '3.141.59', revision: 'e82be7d358', time: '2018-11-14T08:17:03'
System info: host: 'Andrii', ip: '127.0.1.1', os.name: 'Linux', os.arch: 'amd64', os.version: '4.15.0-55-generic', java.version: '11.0.4'
Driver info: org.openqa.selenium.chrome.ChromeDriver
Capabilities {acceptInsecureCerts: false, acceptSslCerts: false, applicationCacheEnabled: false, browserConnectionEnabled: false, browserName: chrome, chrome: {chromedriverVersion: 2.41.578700 (2f1ed5f9343c13..., userDataDir: /tmp/.org.chromium.Chromium...}, cssSelectorsEnabled: true, databaseEnabled: false, goog:chromeOptions: {debuggerAddress: localhost:39455}, handlesAlerts: true, hasTouchScreen: false, javascriptEnabled: true, locationContextEnabled: true, mobileEmulationEnabled: false, nativeEvents: true, networkConnectionEnabled: false, pageLoadStrategy: normal, platform: LINUX, platformName: LINUX, rotatable: false, setWindowRect: true, takesHeapSnapshot: true, takesScreenshot: true, unexpectedAlertBehaviour: , unhandledPromptBehavior: , version: 75.0.3770.142, webStorageEnabled: true}
Session ID: 147d4b08ade346c68fc45dfe3d260e22
*** Element info: {Using=xpath, value=//*[@id="app"]/div/div[2]/div[2]/div/div[2]/input}
at org.openqa.selenium.remote.ErrorHandler.createThrowable(ErrorHandler.java:214)
at org.openqa.selenium.remote.ErrorHandler.throwIfResponseFailed(ErrorHandler.java:166)
at org.openqa.selenium.remote.http.JsonHttpResponseCodec.reconstructValue(JsonHttpResponseCodec.java:40)
at org.openqa.selenium.remote.http.AbstractHttpResponseCodec.decode(AbstractHttpResponseCodec.java:80)
at org.openqa.selenium.remote.http.AbstractHttpResponseCodec.decode(AbstractHttpResponseCodec.java:44)
at org.openqa.selenium.remote.HttpCommandExecutor.execute(HttpCommandExecutor.java:158)
at org.openqa.selenium.remote.service.DriverCommandExecutor.execute(DriverCommandExecutor.java:83)
at org.openqa.selenium.remote.RemoteWebDriver.execute(RemoteWebDriver.java:552)
at org.openqa.selenium.remote.RemoteWebDriver.findElement(RemoteWebDriver.java:323)
at org.openqa.selenium.remote.RemoteWebDriver.findElementByXPath(RemoteWebDriver.java:428)
at org.openqa.selenium.By$ByXPath.findElement(By.java:353)
at org.openqa.selenium.remote.RemoteWebDriver.findElement(RemoteWebDriver.java:315)
at org.openqa.selenium.support.pagefactory.DefaultElementLocator.findElement(DefaultElementLocator.java:69)
at org.openqa.selenium.support.pagefactory.internal.LocatingElementHandler.invoke(LocatingElementHandler.java:38)
at com.sun.proxy.$Proxy9.sendKeys(Unknown Source)
at tests.ProjectRelatedTests.APIkeyTest.CreateNewAPIKey(APIkeyTest.java:40)
... Removed 32 stack frames]]>
    </failure>
  </testcase> <!-- @BeforeTest CreateNewAPIKey -->
  <testcase classname="tests.AccountRelatedTests.AccountTabTest" name="@BeforeTest SetUp" time="0.0">
    <skipped/>
  </testcase> <!-- @BeforeTest SetUp -->
  <testcase classname="tests.AccountRelatedTests.NegativeNameChangeTest" name="@BeforeTest SetUp" time="0.0">
    <skipped/>
  </testcase> <!-- @BeforeTest SetUp -->
  <testcase classname="tests.HomePageElementsTest" name="@AfterMethod tearDown" time="0.0">
    <skipped/>
  </testcase> <!-- @AfterMethod tearDown -->
  <testcase classname="tests.LoginRelatedTests.NegativeLoginTest" name="@AfterMethod tearDown" time="0.0">
    <skipped/>
  </testcase> <!-- @AfterMethod tearDown -->
  <testcase classname="tests.BaseTest" name="@AfterMethod tearDown" time="0.0">
    <skipped/>
  </testcase> <!-- @AfterMethod tearDown -->
  <testcase classname="tests.LoginRelatedTests.LoginPageElementsVisibilityTest" name="@AfterMethod tearDown" time="0.0">
    <skipped/>
  </testcase> <!-- @AfterMethod tearDown -->
  <testcase classname="tests.AccountRelatedTests.NegativePasswordResetTest" name="@AfterMethod tearDown" time="0.0">
    <skipped/>
  </testcase> <!-- @AfterMethod tearDown -->
  <testcase classname="tests.AccountRelatedTests.NegativeNameChangeTest" name="@AfterMethod tearDown" time="0.0">
    <skipped/>
  </testcase> <!-- @AfterMethod tearDown -->
  <testcase classname="tests.AccountRelatedTests.AccountTabTest" name="@AfterMethod tearDown" time="0.0">
    <skipped/>
  </testcase> <!-- @AfterMethod tearDown -->
  <testcase classname="tests.AccountRelatedTests.NegativeNewAccountCreationTest" name="@AfterMethod tearDown" time="0.0">
    <skipped/>
  </testcase> <!-- @AfterMethod tearDown -->
  <testcase classname="tests.ProjectRelatedTests.DeleteProjectTest" name="@AfterMethod tearDown" time="0.0">
    <skipped/>
  </testcase> <!-- @AfterMethod tearDown -->
  <testcase classname="tests.ProjectRelatedTests.APIkeyTest" name="@AfterMethod tearDown" time="0.0">
    <skipped/>
  </testcase> <!-- @AfterMethod tearDown -->
  <testcase classname="tests.ProjectRelatedTests.CreateNewProjectTest" name="@AfterMethod tearDown" time="0.0">
    <skipped/>
  </testcase> <!-- @AfterMethod tearDown -->
  <testcase classname="tests.TeamMembers.AddAndDeleteTeamMembersTest" name="@AfterMethod tearDown" time="0.0">
    <skipped/>
  </testcase> <!-- @AfterMethod tearDown -->
  <testcase classname="tests.NewAccountCreationTest" name="@AfterMethod tearDown" time="0.0">
    <skipped/>
  </testcase> <!-- @AfterMethod tearDown -->
  <testcase classname="tests.AddPaymentCardTest" name="@AfterMethod tearDown" time="0.0">
    <skipped/>
  </testcase> <!-- @AfterMethod tearDown -->
  <testcase classname="tests.ResetPasswordTest" name="@AfterMethod tearDown" time="0.0">
    <skipped/>
  </testcase> <!-- @AfterMethod tearDown -->
  <testcase classname="tests.BaseTest" name="@AfterMethod tearDown" time="0.0">
    <skipped/>
  </testcase> <!-- @AfterMethod tearDown -->
  <testcase classname="tests.HomePageElementsTest" name="HomePageElementsTest" time="0.0">
    <skipped/>
  </testcase> <!-- HomePageElementsTest -->
  <testcase classname="tests.LoginRelatedTests.NegativeLoginTest" name="NegativeLoginTest" time="0.0">
    <skipped/>
  </testcase> <!-- NegativeLoginTest -->
  <testcase classname="tests.BaseTest" name="BaseTest" time="0.0">
    <skipped/>
  </testcase> <!-- BaseTest -->
  <testcase classname="tests.LoginRelatedTests.LoginPageElementsVisibilityTest" name="elementsVisabilityTest" time="0.0">
    <skipped/>
  </testcase> <!-- elementsVisabilityTest -->
  <testcase classname="tests.AccountRelatedTests.NegativePasswordResetTest" name="ResetPasswordTest" time="0.0">
    <skipped/>
  </testcase> <!-- ResetPasswordTest -->
  <testcase classname="tests.AccountRelatedTests.NegativeNameChangeTest" name="NegativeNameChangeTest" time="0.0">
    <skipped/>
  </testcase> <!-- NegativeNameChangeTest -->
  <testcase classname="tests.AccountRelatedTests.AccountTabTest" name="AccountTabTest" time="0.0">
    <skipped/>
  </testcase> <!-- AccountTabTest -->
  <testcase classname="tests.AccountRelatedTests.NegativeNewAccountCreationTest" name="NewAccountCreationTest" time="0.0">
    <skipped/>
  </testcase> <!-- NewAccountCreationTest -->
  <testcase classname="tests.ProjectRelatedTests.DeleteProjectTest" name="DeleteProjectTest" time="0.0">
    <skipped/>
  </testcase> <!-- DeleteProjectTest -->
  <testcase classname="tests.ProjectRelatedTests.APIkeyTest" name="TestforTest" time="0.0">
    <skipped/>
  </testcase> <!-- TestforTest -->
  <testcase classname="tests.ProjectRelatedTests.CreateNewProjectTest" name="CreateNewProjectTest" time="0.0">
    <skipped/>
  </testcase> <!-- CreateNewProjectTest -->
  <testcase classname="tests.TeamMembers.AddAndDeleteTeamMembersTest" name="AddNewTeamMember" time="0.0">
    <skipped/>
  </testcase> <!-- AddNewTeamMember -->
  <testcase classname="tests.NewAccountCreationTest" name="NewAccountCreationTest" time="0.0">
    <skipped/>
  </testcase> <!-- NewAccountCreationTest -->
  <testcase classname="tests.AddPaymentCardTest" name="AddPaymentCardTest" time="0.0">
    <skipped/>
  </testcase> <!-- AddPaymentCardTest -->
  <testcase classname="tests.ResetPasswordTest" name="ResetPasswordTest" time="0.0">
    <skipped/>
  </testcase> <!-- ResetPasswordTest -->
  <testcase classname="tests.BaseTest" name="BaseTest" time="0.0">
    <skipped/>
  </testcase> <!-- BaseTest -->
</testsuite> <!-- Surefire test -->
